<?xml version="1.0" encoding="UTF-8"?>
<testng-results ignored="0" total="1" passed="1" failed="0" skipped="0">
  <reporter-output>
  </reporter-output>
  <suite started-at="2024-12-30T21:14:54 IST" name="Default suite" finished-at="2024-12-30T21:14:57 IST" duration-ms="2528">
    <groups>
    </groups>
    <test started-at="2024-12-30T21:14:54 IST" name="Default test" finished-at="2024-12-30T21:14:57 IST" duration-ms="2528">
      <class name="gitPractice.TestGitClass">
        <test-method signature="rest()[pri:0, instance:gitPractice.TestGitClass@3012646b]" started-at="2024-12-30T21:14:54 IST" name="rest" finished-at="2024-12-30T21:14:57 IST" duration-ms="2471" status="PASS">
          <reporter-output>
          </reporter-output>
        </test-method> <!-- rest -->
      </class> <!-- gitPractice.TestGitClass -->
    </test> <!-- Default test -->
  </suite> <!-- Default suite -->
</testng-results>
